This is pdfTeX, Version 3.1415926-2.5-1.40.14 (TeX Live 2013/Debian) (format=pdflatex 2015.2.27)  8 MAY 2017 12:51
entering extended mode
 restricted \write18 enabled.
 %&-line parsing enabled.
**Resultados_hw4.tex
(./Resultados_hw4.tex
LaTeX2e <2011/06/27>
Babel <3.9h> and hyphenation patterns for 78 languages loaded.
(/usr/share/texlive/texmf-dist/tex/latex/base/article.cls
Document Class: article 2007/10/19 v1.4h Standard LaTeX document class
(/usr/share/texlive/texmf-dist/tex/latex/base/size10.clo
File: size10.clo 2007/10/19 v1.4h Standard LaTeX file (size option)
)
\c@part=\count79
\c@section=\count80
\c@subsection=\count81
\c@subsubsection=\count82
\c@paragraph=\count83
\c@subparagraph=\count84
\c@figure=\count85
\c@table=\count86
\abovecaptionskip=\skip41
\belowcaptionskip=\skip42
\bibindent=\dimen102
)
(/usr/share/texlive/texmf-dist/tex/latex/graphics/graphicx.sty
Package: graphicx 1999/02/16 v1.0f Enhanced LaTeX Graphics (DPC,SPQR)

(/usr/share/texlive/texmf-dist/tex/latex/graphics/keyval.sty
Package: keyval 1999/03/16 v1.13 key=value parser (DPC)
\KV@toks@=\toks14
)
(/usr/share/texlive/texmf-dist/tex/latex/graphics/graphics.sty
Package: graphics 2009/02/05 v1.0o Standard LaTeX Graphics (DPC,SPQR)

(/usr/share/texlive/texmf-dist/tex/latex/graphics/trig.sty
Package: trig 1999/03/16 v1.09 sin cos tan (DPC)
)
(/usr/share/texlive/texmf-dist/tex/latex/latexconfig/graphics.cfg
File: graphics.cfg 2010/04/23 v1.9 graphics configuration of TeX Live
)
Package graphics Info: Driver file: pdftex.def on input line 91.

(/usr/share/texlive/texmf-dist/tex/latex/pdftex-def/pdftex.def
File: pdftex.def 2011/05/27 v0.06d Graphics/color for pdfTeX

(/usr/share/texlive/texmf-dist/tex/generic/oberdiek/infwarerr.sty
Package: infwarerr 2010/04/08 v1.3 Providing info/warning/error messages (HO)
)
(/usr/share/texlive/texmf-dist/tex/generic/oberdiek/ltxcmds.sty
Package: ltxcmds 2011/11/09 v1.22 LaTeX kernel commands for general use (HO)
)
\Gread@gobject=\count87
))
\Gin@req@height=\dimen103
\Gin@req@width=\dimen104
)
(/usr/share/texlive/texmf-dist/tex/latex/float/float.sty
Package: float 2001/11/08 v1.3d Float enhancements (AL)
\c@float@type=\count88
\float@exts=\toks15
\float@box=\box26
\@float@everytoks=\toks16
\@floatcapt=\box27
)
No file Resultados_hw4.aux.
\openout1 = `Resultados_hw4.aux'.

LaTeX Font Info:    Checking defaults for OML/cmm/m/it on input line 5.
LaTeX Font Info:    ... okay on input line 5.
LaTeX Font Info:    Checking defaults for T1/cmr/m/n on input line 5.
LaTeX Font Info:    ... okay on input line 5.
LaTeX Font Info:    Checking defaults for OT1/cmr/m/n on input line 5.
LaTeX Font Info:    ... okay on input line 5.
LaTeX Font Info:    Checking defaults for OMS/cmsy/m/n on input line 5.
LaTeX Font Info:    ... okay on input line 5.
LaTeX Font Info:    Checking defaults for OMX/cmex/m/n on input line 5.
LaTeX Font Info:    ... okay on input line 5.
LaTeX Font Info:    Checking defaults for U/cmr/m/n on input line 5.
LaTeX Font Info:    ... okay on input line 5.
(/usr/share/texlive/texmf-dist/tex/context/base/supp-pdf.mkii
[Loading MPS to PDF converter (version 2006.09.02).]
\scratchcounter=\count89
\scratchdimen=\dimen105
\scratchbox=\box28
\nofMPsegments=\count90
\nofMParguments=\count91
\everyMPshowfont=\toks17
\MPscratchCnt=\count92
\MPscratchDim=\dimen106
\MPnumerator=\count93
\makeMPintoPDFobject=\count94
\everyMPtoPDFconversion=\toks18
) (/usr/share/texlive/texmf-dist/tex/generic/oberdiek/pdftexcmds.sty
Package: pdftexcmds 2011/11/29 v0.20 Utility functions of pdfTeX for LuaTeX (HO
)

(/usr/share/texlive/texmf-dist/tex/generic/oberdiek/ifluatex.sty
Package: ifluatex 2010/03/01 v1.3 Provides the ifluatex switch (HO)
Package ifluatex Info: LuaTeX not detected.
)
(/usr/share/texlive/texmf-dist/tex/generic/oberdiek/ifpdf.sty
Package: ifpdf 2011/01/30 v2.3 Provides the ifpdf switch (HO)
Package ifpdf Info: pdfTeX in PDF mode is detected.
)
Package pdftexcmds Info: LuaTeX not detected.
Package pdftexcmds Info: \pdf@primitive is available.
Package pdftexcmds Info: \pdf@ifprimitive is available.
Package pdftexcmds Info: \pdfdraftmode found.
)
(/usr/share/texlive/texmf-dist/tex/latex/oberdiek/epstopdf-base.sty
Package: epstopdf-base 2010/02/09 v2.5 Base part for package epstopdf

(/usr/share/texlive/texmf-dist/tex/latex/oberdiek/grfext.sty
Package: grfext 2010/08/19 v1.1 Manage graphics extensions (HO)

(/usr/share/texlive/texmf-dist/tex/generic/oberdiek/kvdefinekeys.sty
Package: kvdefinekeys 2011/04/07 v1.3 Define keys (HO)
))
(/usr/share/texlive/texmf-dist/tex/latex/oberdiek/kvoptions.sty
Package: kvoptions 2011/06/30 v3.11 Key value format for package options (HO)

(/usr/share/texlive/texmf-dist/tex/generic/oberdiek/kvsetkeys.sty
Package: kvsetkeys 2012/04/25 v1.16 Key value parser (HO)

(/usr/share/texlive/texmf-dist/tex/generic/oberdiek/etexcmds.sty
Package: etexcmds 2011/02/16 v1.5 Avoid name clashes with e-TeX commands (HO)
Package etexcmds Info: Could not find \expanded.
(etexcmds)             That can mean that you are not using pdfTeX 1.50 or
(etexcmds)             that some package has redefined \expanded.
(etexcmds)             In the latter case, load this package earlier.
)))
Package grfext Info: Graphics extension search list:
(grfext)             [.png,.pdf,.jpg,.mps,.jpeg,.jbig2,.jb2,.PNG,.PDF,.JPG,.JPE
G,.JBIG2,.JB2,.eps]
(grfext)             \AppendGraphicsExtensions on input line 452.

(/usr/share/texlive/texmf-dist/tex/latex/latexconfig/epstopdf-sys.cfg
File: epstopdf-sys.cfg 2010/07/13 v1.3 Configuration of (r)epstopdf for TeX Liv
e
))
LaTeX Font Info:    External font `cmex10' loaded for size
(Font)              <12> on input line 10.
LaTeX Font Info:    External font `cmex10' loaded for size
(Font)              <8> on input line 10.
LaTeX Font Info:    External font `cmex10' loaded for size
(Font)              <6> on input line 10.
LaTeX Font Info:    External font `cmex10' loaded for size
(Font)              <7> on input line 13.
LaTeX Font Info:    External font `cmex10' loaded for size
(Font)              <5> on input line 13.

Underfull \hbox (badness 10000) in paragraph at lines 12--16

 []

<abiertasCte0.png, id=1, 433.62pt x 433.62pt>
File: abiertasCte0.png Graphic file (type png)
 <use abiertasCte0.png>
Package pdftex.def Info: abiertasCte0.png used on input line 24.
(pdftex.def)             Requested size: 110.40253pt x 110.40291pt.

<abiertasCte100.png, id=3, 433.62pt x 433.62pt>
File: abiertasCte100.png Graphic file (type png)
 <use abiertasCte100.png>
Package pdftex.def Info: abiertasCte100.png used on input line 28.
(pdftex.def)             Requested size: 110.40253pt x 110.40291pt.

<abiertasCte2500.png, id=4, 433.62pt x 433.62pt>
File: abiertasCte2500.png Graphic file (type png)
 <use abiertasCte2500.png>
Package pdftex.def Info: abiertasCte2500.png used on input line 32.
(pdftex.def)             Requested size: 110.40253pt x 110.40291pt.

<abiertasNOCte0.png, id=5, 433.62pt x 433.62pt>
File: abiertasNOCte0.png Graphic file (type png)
 <use abiertasNOCte0.png>
Package pdftex.def Info: abiertasNOCte0.png used on input line 43.
(pdftex.def)             Requested size: 110.40253pt x 110.40291pt.

<abiertasNOCte100.png, id=6, 433.62pt x 433.62pt>
File: abiertasNOCte100.png Graphic file (type png)
 <use abiertasNOCte100.png>
Package pdftex.def Info: abiertasNOCte100.png used on input line 47.
(pdftex.def)             Requested size: 110.40253pt x 110.40291pt.

<abiertasNOCte2500.png, id=7, 433.62pt x 433.62pt>
File: abiertasNOCte2500.png Graphic file (type png)
 <use abiertasNOCte2500.png>
Package pdftex.def Info: abiertasNOCte2500.png used on input line 51.
(pdftex.def)             Requested size: 110.40253pt x 110.40291pt.

[1

{/var/lib/texmf/fonts/map/pdftex/updmap/pdftex.map} <./abiertasCte0.png> <./abi
ertasCte100.png> <./abiertasCte2500.png>]
<periodicasCte0.png, id=23, 433.62pt x 433.62pt>
File: periodicasCte0.png Graphic file (type png)
 <use periodicasCte0.png>
Package pdftex.def Info: periodicasCte0.png used on input line 62.
(pdftex.def)             Requested size: 110.40253pt x 110.40291pt.

<periodicasCte100.png, id=24, 433.62pt x 433.62pt>
File: periodicasCte100.png Graphic file (type png)
 <use periodicasCte100.png>
Package pdftex.def Info: periodicasCte100.png used on input line 66.
(pdftex.def)             Requested size: 110.40253pt x 110.40291pt.

<periodicasCte2500.png, id=25, 433.62pt x 433.62pt>
File: periodicasCte2500.png Graphic file (type png)

<use periodicasCte2500.png>
Package pdftex.def Info: periodicasCte2500.png used on input line 70.
(pdftex.def)             Requested size: 110.40253pt x 110.40291pt.
 <periodicasNOCte0.png, id=26, 433.62pt x 433.62pt>
File: periodicasNOCte0.png Graphic file (type png)

<use periodicasNOCte0.png>
Package pdftex.def Info: periodicasNOCte0.png used on input line 78.
(pdftex.def)             Requested size: 110.40253pt x 110.40291pt.

<periodicasNOCte100.png, id=27, 433.62pt x 433.62pt>
File: periodicasNOCte100.png Graphic file (type png)

<use periodicasNOCte100.png>
Package pdftex.def Info: periodicasNOCte100.png used on input line 82.
(pdftex.def)             Requested size: 110.40253pt x 110.40291pt.

<periodicasNOCte2500.png, id=28, 433.62pt x 433.62pt>
File: periodicasNOCte2500.png Graphic file (type png)

<use periodicasNOCte2500.png>
Package pdftex.def Info: periodicasNOCte2500.png used on input line 86.
(pdftex.def)             Requested size: 110.40253pt x 110.40291pt.
 <fijasCte0.png, id=29, 433.62pt x 433.62pt>
File: fijasCte0.png Graphic file (type png)

<use fijasCte0.png>
Package pdftex.def Info: fijasCte0.png used on input line 96.
(pdftex.def)             Requested size: 110.40253pt x 110.40291pt.
 <fijasCte100.png, id=30, 433.62pt x 433.62pt>
File: fijasCte100.png Graphic file (type png)

<use fijasCte100.png>
Package pdftex.def Info: fijasCte100.png used on input line 100.
(pdftex.def)             Requested size: 110.40253pt x 110.40291pt.
 <fijasCte2500.png, id=31, 433.62pt x 433.62pt>
File: fijasCte2500.png Graphic file (type png)

<use fijasCte2500.png>
Package pdftex.def Info: fijasCte2500.png used on input line 104.
(pdftex.def)             Requested size: 110.40253pt x 110.40291pt.
 [2 <./abiertasNOCte0.png> <./abiertasNOCte100.png> <./abiertasNOCte2500.png> <
./periodicasCte0.png> <./periodicasCte100.png> <./periodicasCte2500.png> <./per
iodicasNOCte0.png> <./periodicasNOCte100.png> <./periodicasNOCte2500.png>] <fij
asNOCte0.png, id=44, 433.62pt x 433.62pt>
File: fijasNOCte0.png Graphic file (type png)

<use fijasNOCte0.png>
Package pdftex.def Info: fijasNOCte0.png used on input line 112.
(pdftex.def)             Requested size: 110.40253pt x 110.40291pt.
 <fijasNOCte100.png, id=45, 433.62pt x 433.62pt>
File: fijasNOCte100.png Graphic file (type png)

<use fijasNOCte100.png>
Package pdftex.def Info: fijasNOCte100.png used on input line 116.
(pdftex.def)             Requested size: 110.40253pt x 110.40291pt.
 <fijasNOCte2500.png, id=46, 433.62pt x 433.62pt>
File: fijasNOCte2500.png Graphic file (type png)

<use fijasNOCte2500.png>
Package pdftex.def Info: fijasNOCte2500.png used on input line 120.
(pdftex.def)             Requested size: 110.40253pt x 110.40291pt.
 <promCaso1.png, id=47, 578.16pt x 578.16pt>
File: promCaso1.png Graphic file (type png)

<use promCaso1.png>
Package pdftex.def Info: promCaso1.png used on input line 130.
(pdftex.def)             Requested size: 345.0pt x 344.99312pt.
 [3 <./fijasCte0.png> <./fijasCte100.png> <./fijasCte2500.png> <./fijasNOCte0.p
ng> <./fijasNOCte100.png> <./fijasNOCte2500.png>]
<promCaso2.png, id=57, 578.16pt x 578.16pt>
File: promCaso2.png Graphic file (type png)
 <use promCaso2.png>
Package pdftex.def Info: promCaso2.png used on input line 135.
(pdftex.def)             Requested size: 345.0pt x 344.99312pt.
 [4 <./promCaso1.png>] [5 <./promCaso2.png>] (./Resultados_hw4.aux)

LaTeX Warning: Label(s) may have changed. Rerun to get cross-references right.

 ) 
Here is how much of TeX's memory you used:
 1649 strings out of 493304
 24195 string characters out of 6139871
 80804 words of memory out of 5000000
 5096 multiletter control sequences out of 15000+600000
 7895 words of font info for 28 fonts, out of 8000000 for 9000
 957 hyphenation exceptions out of 8191
 37i,7n,23p,244b,256s stack positions out of 5000i,500n,10000p,200000b,80000s
</usr/share/texlive/texmf-dist/fonts/type1/public/amsfonts/cm/cmbx10.pfb></us
r/share/texlive/texmf-dist/fonts/type1/public/amsfonts/cm/cmbx12.pfb></usr/shar
e/texlive/texmf-dist/fonts/type1/public/amsfonts/cm/cmmi10.pfb></usr/share/texl
ive/texmf-dist/fonts/type1/public/amsfonts/cm/cmr10.pfb></usr/share/texlive/tex
mf-dist/fonts/type1/public/amsfonts/cm/cmr12.pfb></usr/share/texlive/texmf-dist
/fonts/type1/public/amsfonts/cm/cmr17.pfb></usr/share/texlive/texmf-dist/fonts/
type1/public/amsfonts/cm/cmsy7.pfb>
Output written on Resultados_hw4.pdf (5 pages, 1166497 bytes).
PDF statistics:
 89 PDF objects out of 1000 (max. 8388607)
 34 compressed objects within 1 object stream
 0 named destinations out of 1000 (max. 500000)
 101 words of extra memory for PDF output out of 10000 (max. 10000000)

